<?xml version="1.0" encoding="UTF-8"?>
<testng-results ignored="0" total="2" passed="2" failed="0" skipped="0">
  <reporter-output>
  </reporter-output>
  <suite started-at="2024-02-21T17:13:56 IST" name="Default suite" finished-at="2024-02-21T17:14:11 IST" duration-ms="14936">
    <groups>
    </groups>
    <test started-at="2024-02-21T17:13:56 IST" name="Default test" finished-at="2024-02-21T17:14:11 IST" duration-ms="14936">
      <class name="com.swaglab.test.overViewTest">
        <test-method is-config="true" signature="setup()[pri:0, instance:com.swaglab.test.overViewTest@436813f3]" started-at="2024-02-21T17:13:56 IST" name="setup" finished-at="2024-02-21T17:14:05 IST" duration-ms="8696" status="PASS">
          <reporter-output>
          </reporter-output>
        </test-method> <!-- setup -->
        <test-method is-config="true" signature="testSetup()[pri:0, instance:com.swaglab.test.overViewTest@436813f3]" started-at="2024-02-21T17:14:05 IST" name="testSetup" finished-at="2024-02-21T17:14:09 IST" duration-ms="4362" status="PASS">
          <reporter-output>
          </reporter-output>
        </test-method> <!-- testSetup -->
        <test-method signature="VerifyoverviewCancle()[pri:1, instance:com.swaglab.test.overViewTest@436813f3]" started-at="2024-02-21T17:14:09 IST" name="VerifyoverviewCancle" finished-at="2024-02-21T17:14:10 IST" duration-ms="1355" status="PASS">
          <reporter-output>
          </reporter-output>
        </test-method> <!-- VerifyoverviewCancle -->
        <test-method signature="VerifyFinish()[pri:2, instance:com.swaglab.test.overViewTest@436813f3]" started-at="2024-02-21T17:14:11 IST" name="VerifyFinish" finished-at="2024-02-21T17:14:11 IST" duration-ms="406" status="PASS">
          <reporter-output>
          </reporter-output>
        </test-method> <!-- VerifyFinish -->
      </class> <!-- com.swaglab.test.overViewTest -->
    </test> <!-- Default test -->
  </suite> <!-- Default suite -->
</testng-results>
